This is pdfTeX, Version 3.1415926-2.3-1.40.12 (MiKTeX 2.9) (preloaded format=pdflatex 2016.4.22)  22 APR 2016 11:22
entering extended mode
**main.tex
("C:\Users\psydrk\Documents\FSE\FSE-Lab\latex Lab files\main.tex"
LaTeX2e <2011/06/27>
Babel <v3.8m> and hyphenation patterns for english, afrikaans, ancientgreek, ar
abic, armenian, assamese, basque, bengali, bokmal, bulgarian, catalan, coptic, 
croatian, czech, danish, dutch, esperanto, estonian, farsi, finnish, french, ga
lician, german, german-x-2009-06-19, greek, gujarati, hindi, hungarian, iceland
ic, indonesian, interlingua, irish, italian, kannada, kurmanji, lao, latin, lat
vian, lithuanian, malayalam, marathi, mongolian, mongolianlmc, monogreek, ngerm
an, ngerman-x-2009-06-19, nynorsk, oriya, panjabi, pinyin, polish, portuguese, 
romanian, russian, sanskrit, serbian, slovak, slovenian, spanish, swedish, swis
sgerman, tamil, telugu, turkish, turkmen, ukenglish, ukrainian, uppersorbian, u
senglishmax, welsh, loaded.
("V:\texmaker.3\MiKTeX 2.9\tex\latex\base\article.cls"
Document Class: article 2007/10/19 v1.4h Standard LaTeX document class
("V:\texmaker.3\MiKTeX 2.9\tex\latex\base\size10.clo"
File: size10.clo 2007/10/19 v1.4h Standard LaTeX file (size option)
)
\c@part=\count79
\c@section=\count80
\c@subsection=\count81
\c@subsubsection=\count82
\c@paragraph=\count83
\c@subparagraph=\count84
\c@figure=\count85
\c@table=\count86
\abovecaptionskip=\skip41
\belowcaptionskip=\skip42
\bibindent=\dimen102
)
("C:\Users\psydrk\Documents\FSE\FSE-Lab\latex Lab files\main.aux"
("C:\Users\psydrk\Documents\FSE\FSE-Lab\latex Lab files\sections/SharedDoc.aux"
) ("C:\Users\psydrk\Documents\FSE\FSE-Lab\latex Lab files\sections/FirstPart.au
x")
("C:\Users\psydrk\Documents\FSE\FSE-Lab\latex Lab files\sections/SecondPart.aux
")
("C:\Users\psydrk\Documents\FSE\FSE-Lab\latex Lab files\sections/ThirdPart.aux"
)
("C:\Users\psydrk\Documents\FSE\FSE-Lab\latex Lab files\sections/FourthPart.aux
"))
LaTeX Font Info:    Checking defaults for OML/cmm/m/it on input line 13.
LaTeX Font Info:    ... okay on input line 13.
LaTeX Font Info:    Checking defaults for T1/cmr/m/n on input line 13.
LaTeX Font Info:    ... okay on input line 13.
LaTeX Font Info:    Checking defaults for OT1/cmr/m/n on input line 13.
LaTeX Font Info:    ... okay on input line 13.
LaTeX Font Info:    Checking defaults for OMS/cmsy/m/n on input line 13.
LaTeX Font Info:    ... okay on input line 13.
LaTeX Font Info:    Checking defaults for OMX/cmex/m/n on input line 13.
LaTeX Font Info:    ... okay on input line 13.
LaTeX Font Info:    Checking defaults for U/cmr/m/n on input line 13.
LaTeX Font Info:    ... okay on input line 13.
LaTeX Font Info:    External font `cmex10' loaded for size
(Font)              <12> on input line 14.
LaTeX Font Info:    External font `cmex10' loaded for size
(Font)              <8> on input line 14.
LaTeX Font Info:    External font `cmex10' loaded for size
(Font)              <6> on input line 14.
 [1

{C:/ProgramData/MiKTeX/2.9/pdftex/config/pdftex.map}]
("C:\Users\psydrk\Documents\FSE\FSE-Lab\latex Lab files\sections/SharedDoc.tex"
LaTeX Font Info:    External font `cmex10' loaded for size
(Font)              <7> on input line 28.
LaTeX Font Info:    External font `cmex10' loaded for size
(Font)              <5> on input line 28.
) [2

]
("C:\Users\psydrk\Documents\FSE\FSE-Lab\latex Lab files\sections/FirstPart.tex"
LaTeX Font Info:    Try loading font information for OMS+cmr on input line 6.
("V:\texmaker.3\MiKTeX 2.9\tex\latex\base\omscmr.fd"
File: omscmr.fd 1999/05/25 v2.5h Standard LaTeX font definitions
)
LaTeX Font Info:    Font shape `OMS/cmr/m/n' in size <10> not available
(Font)              Font shape `OMS/cmsy/m/n' tried instead on input line 6.
) [3


]
("C:\Users\psydrk\Documents\FSE\FSE-Lab\latex Lab files\sections/SecondPart.tex
") [4


]
("C:\Users\psydrk\Documents\FSE\FSE-Lab\latex Lab files\sections/ThirdPart.tex"
) [5


]
("C:\Users\psydrk\Documents\FSE\FSE-Lab\latex Lab files\sections/FourthPart.tex
") [6


] ("C:\Users\psydrk\Documents\FSE\FSE-Lab\latex Lab files\main.aux"
("C:\Users\psydrk\Documents\FSE\FSE-Lab\latex Lab files\sections/SharedDoc.aux"
) ("C:\Users\psydrk\Documents\FSE\FSE-Lab\latex Lab files\sections/FirstPart.au
x")
("C:\Users\psydrk\Documents\FSE\FSE-Lab\latex Lab files\sections/SecondPart.aux
")
("C:\Users\psydrk\Documents\FSE\FSE-Lab\latex Lab files\sections/ThirdPart.aux"
)
("C:\Users\psydrk\Documents\FSE\FSE-Lab\latex Lab files\sections/FourthPart.aux
")) ) 
Here is how much of TeX's memory you used:
 295 strings out of 494045
 5586 string characters out of 3149593
 51890 words of memory out of 3000000
 3622 multiletter control sequences out of 15000+200000
 7895 words of font info for 28 fonts, out of 3000000 for 9000
 715 hyphenation exceptions out of 8191
 25i,8n,21p,599b,235s stack positions out of 5000i,500n,10000p,200000b,50000s
<V:/texmaker.3/MiKTeX 2.9/fonts/type1/public/amsfonts/cm/cmbx10.pfb><V:/te
xmaker.3/MiKTeX 2.9/fonts/type1/public/amsfonts/cm/cmbx12.pfb><V:/texmaker.3/Mi
KTeX 2.9/fonts/type1/public/amsfonts/cm/cmmi10.pfb><V:/texmaker.3/MiKTeX 2.9/fo
nts/type1/public/amsfonts/cm/cmr10.pfb><V:/texmaker.3/MiKTeX 2.9/fonts/type1/pu
blic/amsfonts/cm/cmr12.pfb><V:/texmaker.3/MiKTeX 2.9/fonts/type1/public/amsfont
s/cm/cmr17.pfb><V:/texmaker.3/MiKTeX 2.9/fonts/type1/public/amsfonts/cm/cmsy10.
pfb>
Output written on main.pdf (6 pages, 96867 bytes).
PDF statistics:
 49 PDF objects out of 1000 (max. 8388607)
 0 named destinations out of 1000 (max. 500000)
 1 words of extra memory for PDF output out of 10000 (max. 10000000)

